<?xml version="1.0" encoding="UTF-8"?>
<!-- Generated by org.testng.reporters.JUnitReportReporter -->
<testsuite skipped="0" hostname="WSPF1JWKYR" name="LaunchScript.LaunchScript" tests="1" failures="0" timestamp="2022-07-13T11:58:46 EDT" time="403.117" errors="0">
  <testcase name="Launch" time="403.117" classname="LaunchScript.LaunchScript"/>
  <system-out/>
</testsuite> <!-- LaunchScript.LaunchScript -->
